<?xml version="1.0" encoding="UTF-8"?>
<!-- Generated by org.testng.reporters.JUnitReportReporter -->
<testsuite skipped="0" hostname="LAPTOP-N2Q58K9G" name="org.excel.Excel7" tests="4" failures="0" timestamp="31 Aug 2021 08:38:03 GMT" time="10.709" errors="0">
  <testcase name="test1" time="0.125" classname="org.excel.Excel7"/>
  <testcase name="test2" time="0.075" classname="org.excel.Excel7"/>
  <testcase name="test3" time="5.228" classname="org.excel.Excel7"/>
  <testcase name="test4" time="5.281" classname="org.excel.Excel7"/>
</testsuite> <!-- org.excel.Excel7 -->
