<?xml version="1.0" encoding="UTF-8"?>
<!-- Generated by org.testng.reporters.JUnitReportReporter -->
<testsuite skipped="0" hostname="LAPTOP-N2Q58K9G" name="org.excel.Excel6" tests="2" failures="0" timestamp="13 Aug 2021 15:11:59 GMT" time="15.747" errors="0">
  <testcase name="test2" time="7.518" classname="org.excel.Excel6"/>
  <testcase name="test1" time="8.229" classname="org.excel.Excel6"/>
</testsuite> <!-- org.excel.Excel6 -->
